<?xml version="1.0" encoding="UTF-8"?>
<testsuite name="JUnit Platform Suite" tests="0" skipped="0" failures="0" errors="0" time="0" hostname="DESKTOP-AEDHDML" timestamp="2024-02-11T20:09:39">
<properties>
<property name="awt.toolkit" value="sun.awt.windows.WToolkit"/>
<property name="file.encoding" value="Cp1252"/>
<property name="file.encoding.pkg" value="sun.io"/>
<property name="file.separator" value="\"/>
<property name="java.awt.graphicsenv" value="sun.awt.Win32GraphicsEnvironment"/>
<property name="java.awt.printerjob" value="sun.awt.windows.WPrinterJob"/>
<property name="java.class.path" value="C:\Users\Sahil Nepal\Documents\mango\mangoSourceJava8\mangoSource\war\WEB-INF\lib\OneWireAPI.jar;C:\Users\Sahil Nepal\Documents\mango\mangoSourceJava8\mangoSource\war\WEB-INF\lib\RXTXcomm.jar;C:\Users\Sahil Nepal\Documents\mango\mangoSourceJava8\mangoSource\war\WEB-INF\lib\SNMP4J.jar;C:\Users\Sahil Nepal\Documents\mango\mangoSourceJava8\mangoSource\war\WEB-INF\lib\activation.jar;C:\Users\Sahil Nepal\Documents\mango\mangoSourceJava8\mangoSource\war\WEB-INF\lib\axis.jar;C:\Users\Sahil Nepal\Documents\mango\mangoSourceJava8\mangoSource\war\WEB-INF\lib\bacnet4J.jar;C:\Users\Sahil Nepal\Documents\mango\mangoSourceJava8\mangoSource\war\WEB-INF\lib\commons-beanutils-1.8.3.jar;C:\Users\Sahil Nepal\Documents\mango\mangoSourceJava8\mangoSource\war\WEB-INF\lib\commons-codec-1.3.jar;C:\Users\Sahil Nepal\Documents\mango\mangoSourceJava8\mangoSource\war\WEB-INF\lib\commons-collections-3.2.1.jar;C:\Users\Sahil Nepal\Documents\mango\mangoSourceJava8\mangoSource\war\WEB-INF\lib\commons-dbcp-jdbc4.jar;C:\Users\Sahil Nepal\Documents\mango\mangoSourceJava8\mangoSource\war\WEB-INF\lib\commons-discovery-0.2.jar;C:\Users\Sahil Nepal\Documents\mango\mangoSourceJava8\mangoSource\war\WEB-INF\lib\commons-fileupload.jar;C:\Users\Sahil Nepal\Documents\mango\mangoSourceJava8\mangoSource\war\WEB-INF\lib\commons-httpclient-3.0.1.jar;C:\Users\Sahil Nepal\Documents\mango\mangoSourceJava8\mangoSource\war\WEB-INF\lib\commons-io.jar;C:\Users\Sahil Nepal\Documents\mango\mangoSourceJava8\mangoSource\war\WEB-INF\lib\commons-lang-2.5.jar;C:\Users\Sahil Nepal\Documents\mango\mangoSourceJava8\mangoSource\war\WEB-INF\lib\commons-logging.jar;C:\Users\Sahil Nepal\Documents\mango\mangoSourceJava8\mangoSource\war\WEB-INF\lib\commons-pool.jar;C:\Users\Sahil Nepal\Documents\mango\mangoSourceJava8\mangoSource\war\WEB-INF\lib\crowd-integration-client-2.1.1.jar;C:\Users\Sahil Nepal\Documents\mango\mangoSourceJava8\mangoSource\war\WEB-INF\lib\derby.jar;C:\Users\Sahil Nepal\Documents\mango\mangoSourceJava8\mangoSource\war\WEB-INF\lib\derbytools.jar;C:\Users\Sahil Nepal\Documents\mango\mangoSourceJava8\mangoSource\war\WEB-INF\lib\dnp3.jar;C:\Users\Sahil Nepal\Documents\mango\mangoSourceJava8\mangoSource\war\WEB-INF\lib\dwr.jar;C:\Users\Sahil Nepal\Documents\mango\mangoSourceJava8\mangoSource\war\WEB-INF\lib\ezmorph-1.0.6.jar;C:\Users\Sahil Nepal\Documents\mango\mangoSourceJava8\mangoSource\war\WEB-INF\lib\freemarker.jar;C:\Users\Sahil Nepal\Documents\mango\mangoSourceJava8\mangoSource\war\WEB-INF\lib\j-interop-2.06.jar;C:\Users\Sahil Nepal\Documents\mango\mangoSourceJava8\mangoSource\war\WEB-INF\lib\j-interopdeps-1.4.jar;C:\Users\Sahil Nepal\Documents\mango\mangoSourceJava8\mangoSource\war\WEB-INF\lib\jaxrpc.jar;C:\Users\Sahil Nepal\Documents\mango\mangoSourceJava8\mangoSource\war\WEB-INF\lib\jcifs-1.2.19.jar;C:\Users\Sahil Nepal\Documents\mango\mangoSourceJava8\mangoSource\war\WEB-INF\lib\jcommon-1.0.14.jar;C:\Users\Sahil Nepal\Documents\mango\mangoSourceJava8\mangoSource\war\WEB-INF\lib\jdom-1.0.jar;C:\Users\Sahil Nepal\Documents\mango\mangoSourceJava8\mangoSource\war\WEB-INF\lib\jfreechart-1.0.11.jar;C:\Users\Sahil Nepal\Documents\mango\mangoSourceJava8\mangoSource\war\WEB-INF\lib\joda-time-1.3.jar;C:\Users\Sahil Nepal\Documents\mango\mangoSourceJava8\mangoSource\war\WEB-INF\lib\json-lib-2.3-jdk15.jar;C:\Users\Sahil Nepal\Documents\mango\mangoSourceJava8\mangoSource\war\WEB-INF\lib\jstl-api-1.2.jar;C:\Users\Sahil Nepal\Documents\mango\mangoSourceJava8\mangoSource\war\WEB-INF\lib\jstl-impl-1.2.jar;C:\Users\Sahil Nepal\Documents\mango\mangoSourceJava8\mangoSource\war\WEB-INF\lib\jstl.jar;C:\Users\Sahil Nepal\Documents\mango\mangoSourceJava8\mangoSource\war\WEB-INF\lib\log4j-1.2.14.jar;C:\Users\Sahil Nepal\Documents\mango\mangoSourceJava8\mangoSource\war\WEB-INF\lib\mail.jar;C:\Users\Sahil Nepal\Documents\mango\mangoSourceJava8\mangoSource\war\WEB-INF\lib\mbus4j-core-0.1.3.jar;C:\Users\Sahil Nepal\Documents\mango\mangoSourceJava8\mangoSource\war\WEB-INF\lib\mbus4j-master-0.1.3.jar;C:\Users\Sahil Nepal\Documents\mango\mangoSourceJava8\mangoSource\war\WEB-INF\lib\modbus4J.jar;C:\Users\Sahil Nepal\Documents\mango\mangoSourceJava8\mangoSource\war\WEB-INF\lib\mysql-connector-java-3.1.8-bin.jar;C:\Users\Sahil Nepal\Documents\mango\mangoSourceJava8\mangoSource\war\WEB-INF\lib\mysql-connector-java-5.1.7-bin.jar;C:\Users\Sahil Nepal\Documents\mango\mangoSourceJava8\mangoSource\war\WEB-INF\lib\opc-driver.jar;C:\Users\Sahil Nepal\Documents\mango\mangoSourceJava8\mangoSource\war\WEB-INF\lib\openscada-utils.jar;C:\Users\Sahil Nepal\Documents\mango\mangoSourceJava8\mangoSource\war\WEB-INF\lib\openv4j-core-0.1.3.jar;C:\Users\Sahil Nepal\Documents\mango\mangoSourceJava8\mangoSource\war\WEB-INF\lib\org.openscada.opc.dcom-0.5.0.jar;C:\Users\Sahil Nepal\Documents\mango\mangoSourceJava8\mangoSource\war\WEB-INF\lib\org.openscada.opc.lib-0.5.0.jar;C:\Users\Sahil Nepal\Documents\mango\mangoSourceJava8\mangoSource\war\WEB-INF\lib\seroUtils.jar;C:\Users\Sahil Nepal\Documents\mango\mangoSourceJava8\mangoSource\war\WEB-INF\lib\slf4j-api-1.5.11.jar;C:\Users\Sahil Nepal\Documents\mango\mangoSourceJava8\mangoSource\war\WEB-INF\lib\slf4j-log4j12-1.5.11.jar;C:\Users\Sahil Nepal\Documents\mango\mangoSourceJava8\mangoSource\war\WEB-INF\lib\spinwave.jar;C:\Users\Sahil Nepal\Documents\mango\mangoSourceJava8\mangoSource\war\WEB-INF\lib\spring-webmvc.jar;C:\Users\Sahil Nepal\Documents\mango\mangoSourceJava8\mangoSource\war\WEB-INF\lib\spring.jar;C:\Users\Sahil Nepal\Documents\mango\mangoSourceJava8\mangoSource\war\WEB-INF\lib\sqljdbc4.jar;C:\Users\Sahil Nepal\Documents\mango\mangoSourceJava8\mangoSource\war\WEB-INF\lib\standard.jar;C:\Users\Sahil Nepal\Documents\mango\mangoSourceJava8\mangoSource\war\WEB-INF\lib\taglibs-log.jar;C:\Users\Sahil Nepal\Documents\mango\mangoSourceJava8\mangoSource\war\WEB-INF\lib\viconics.jar;C:\Users\Sahil Nepal\Documents\mango\mangoSourceJava8\mangoSource\war\WEB-INF\lib\wsdl4j-1.5.1.jar;C:\Users\Sahil Nepal\Documents\mango\mangoSourceJava8\mangoSource\war\WEB-INF\lib\xfire-aegis-1.2.6.jar;C:\Users\Sahil Nepal\Documents\mango\mangoSourceJava8\mangoSource\war\WEB-INF\lib\xfire-core-1.2.6.jar;C:\Users\Sahil Nepal\Documents\mango\mangoSourceJava8\mangoSource\lib\OneWireAPI.jar;C:\Users\Sahil Nepal\Documents\mango\mangoSourceJava8\mangoSource\lib\RXTXcomm.jar;C:\Users\Sahil Nepal\Documents\mango\mangoSourceJava8\mangoSource\lib\SNMP4J.jar;C:\Users\Sahil Nepal\Documents\mango\mangoSourceJava8\mangoSource\lib\activation.jar;C:\Users\Sahil Nepal\Documents\mango\mangoSourceJava8\mangoSource\lib\axis.jar;C:\Users\Sahil Nepal\Documents\mango\mangoSourceJava8\mangoSource\lib\bacnet4J.jar;C:\Users\Sahil Nepal\Documents\mango\mangoSourceJava8\mangoSource\lib\commons-beanutils-1.8.3.jar;C:\Users\Sahil Nepal\Documents\mango\mangoSourceJava8\mangoSource\lib\commons-codec-1.3.jar;C:\Users\Sahil Nepal\Documents\mango\mangoSourceJava8\mangoSource\lib\commons-collections-3.2.1.jar;C:\Users\Sahil Nepal\Documents\mango\mangoSourceJava8\mangoSource\lib\commons-dbcp-jdbc4.jar;C:\Users\Sahil Nepal\Documents\mango\mangoSourceJava8\mangoSource\lib\commons-discovery-0.2.jar;C:\Users\Sahil Nepal\Documents\mango\mangoSourceJava8\mangoSource\lib\commons-fileupload.jar;C:\Users\Sahil Nepal\Documents\mango\mangoSourceJava8\mangoSource\lib\commons-httpclient-3.0.1.jar;C:\Users\Sahil Nepal\Documents\mango\mangoSourceJava8\mangoSource\lib\commons-io.jar;C:\Users\Sahil Nepal\Documents\mango\mangoSourceJava8\mangoSource\lib\commons-lang-2.5.jar;C:\Users\Sahil Nepal\Documents\mango\mangoSourceJava8\mangoSource\lib\commons-logging.jar;C:\Users\Sahil Nepal\Documents\mango\mangoSourceJava8\mangoSource\lib\commons-pool.jar;C:\Users\Sahil Nepal\Documents\mango\mangoSourceJava8\mangoSource\lib\crowd-integration-client-2.1.1.jar;C:\Users\Sahil Nepal\Documents\mango\mangoSourceJava8\mangoSource\lib\derby.jar;C:\Users\Sahil Nepal\Documents\mango\mangoSourceJava8\mangoSource\lib\derbytools.jar;C:\Users\Sahil Nepal\Documents\mango\mangoSourceJava8\mangoSource\lib\dnp3.jar;C:\Users\Sahil Nepal\Documents\mango\mangoSourceJava8\mangoSource\lib\dwr.jar;C:\Users\Sahil Nepal\Documents\mango\mangoSourceJava8\mangoSource\lib\ezmorph-1.0.6.jar;C:\Users\Sahil Nepal\Documents\mango\mangoSourceJava8\mangoSource\lib\freemarker.jar;C:\Users\Sahil Nepal\Documents\mango\mangoSourceJava8\mangoSource\lib\j-interop-2.06.jar;C:\Users\Sahil Nepal\Documents\mango\mangoSourceJava8\mangoSource\lib\j-interopdeps-1.4.jar;C:\Users\Sahil Nepal\Documents\mango\mangoSourceJava8\mangoSource\lib\jaxrpc.jar;C:\Users\Sahil Nepal\Documents\mango\mangoSourceJava8\mangoSource\lib\jcifs-1.2.19.jar;C:\Users\Sahil Nepal\Documents\mango\mangoSourceJava8\mangoSource\lib\jcommon-1.0.14.jar;C:\Users\Sahil Nepal\Documents\mango\mangoSourceJava8\mangoSource\lib\jdom-1.0.jar;C:\Users\Sahil Nepal\Documents\mango\mangoSourceJava8\mangoSource\lib\jfreechart-1.0.11.jar;C:\Users\Sahil Nepal\Documents\mango\mangoSourceJava8\mangoSource\lib\joda-time-1.3.jar;C:\Users\Sahil Nepal\Documents\mango\mangoSourceJava8\mangoSource\lib\json-lib-2.3-jdk15.jar;C:\Users\Sahil Nepal\Documents\mango\mangoSourceJava8\mangoSource\lib\jsp-api.jar;C:\Users\Sahil Nepal\Documents\mango\mangoSourceJava8\mangoSource\lib\jstl-api-1.2.jar;C:\Users\Sahil Nepal\Documents\mango\mangoSourceJava8\mangoSource\lib\jstl-impl-1.2.jar;C:\Users\Sahil Nepal\Documents\mango\mangoSourceJava8\mangoSource\lib\jstl.jar;C:\Users\Sahil Nepal\Documents\mango\mangoSourceJava8\mangoSource\lib\junit-platform-console-standalone-1.9.0-RC1.jar;C:\Users\Sahil Nepal\Documents\mango\mangoSourceJava8\mangoSource\lib\log4j-1.2.14.jar;C:\Users\Sahil Nepal\Documents\mango\mangoSourceJava8\mangoSource\lib\mail.jar;C:\Users\Sahil Nepal\Documents\mango\mangoSourceJava8\mangoSource\lib\mbus4j-core-0.1.3.jar;C:\Users\Sahil Nepal\Documents\mango\mangoSourceJava8\mangoSource\lib\mbus4j-master-0.1.3.jar;C:\Users\Sahil Nepal\Documents\mango\mangoSourceJava8\mangoSource\lib\modbus4J.jar;C:\Users\Sahil Nepal\Documents\mango\mangoSourceJava8\mangoSource\lib\mysql-connector-java-3.1.8-bin.jar;C:\Users\Sahil Nepal\Documents\mango\mangoSourceJava8\mangoSource\lib\mysql-connector-java-5.1.7-bin.jar;C:\Users\Sahil Nepal\Documents\mango\mangoSourceJava8\mangoSource\lib\opc-driver.jar;C:\Users\Sahil Nepal\Documents\mango\mangoSourceJava8\mangoSource\lib\openscada-utils.jar;C:\Users\Sahil Nepal\Documents\mango\mangoSourceJava8\mangoSource\lib\openv4j-core-0.1.3.jar;C:\Users\Sahil Nepal\Documents\mango\mangoSourceJava8\mangoSource\lib\org.openscada.opc.dcom-0.5.0.jar;C:\Users\Sahil Nepal\Documents\mango\mangoSourceJava8\mangoSource\lib\org.openscada.opc.lib-0.5.0.jar;C:\Users\Sahil Nepal\Documents\mango\mangoSourceJava8\mangoSource\lib\selenium\lib\async-http-client-2.12.3.jar;C:\Users\Sahil Nepal\Documents\mango\mangoSourceJava8\mangoSource\lib\selenium\lib\async-http-client-netty-utils-2.12.3.jar;C:\Users\Sahil Nepal\Documents\mango\mangoSourceJava8\mangoSource\lib\selenium\lib\auto-common-1.2.1.jar;C:\Users\Sahil Nepal\Documents\mango\mangoSourceJava8\mangoSource\lib\selenium\lib\auto-service-1.0.1.jar;C:\Users\Sahil Nepal\Documents\mango\mangoSourceJava8\mangoSource\lib\selenium\lib\auto-service-annotations-1.0.1.jar;C:\Users\Sahil Nepal\Documents\mango\mangoSourceJava8\mangoSource\lib\selenium\lib\byte-buddy-1.12.10.jar;C:\Users\Sahil Nepal\Documents\mango\mangoSourceJava8\mangoSource\lib\selenium\lib\checker-qual-3.12.0.jar;C:\Users\Sahil Nepal\Documents\mango\mangoSourceJava8\mangoSource\lib\selenium\lib\commons-exec-1.3.jar;C:\Users\Sahil Nepal\Documents\mango\mangoSourceJava8\mangoSource\lib\selenium\lib\error_prone_annotations-2.11.0.jar;C:\Users\Sahil Nepal\Documents\mango\mangoSourceJava8\mangoSource\lib\selenium\lib\failsafe-3.2.4.jar;C:\Users\Sahil Nepal\Documents\mango\mangoSourceJava8\mangoSource\lib\selenium\lib\failureaccess-1.0.1.jar;C:\Users\Sahil Nepal\Documents\mango\mangoSourceJava8\mangoSource\lib\selenium\lib\guava-31.1-jre.jar;C:\Users\Sahil Nepal\Documents\mango\mangoSourceJava8\mangoSource\lib\selenium\lib\j2objc-annotations-1.3.jar;C:\Users\Sahil Nepal\Documents\mango\mangoSourceJava8\mangoSource\lib\selenium\lib\jakarta.activation-1.2.2.jar;C:\Users\Sahil Nepal\Documents\mango\mangoSourceJava8\mangoSource\lib\selenium\lib\jcommander-1.82.jar;C:\Users\Sahil Nepal\Documents\mango\mangoSourceJava8\mangoSource\lib\selenium\lib\jsr305-3.0.2.jar;C:\Users\Sahil Nepal\Documents\mango\mangoSourceJava8\mangoSource\lib\selenium\lib\jtoml-2.0.0.jar;C:\Users\Sahil Nepal\Documents\mango\mangoSourceJava8\mangoSource\lib\selenium\lib\listenablefuture-9999.0-empty-to-avoid-conflict-with-guava.jar;C:\Users\Sahil Nepal\Documents\mango\mangoSourceJava8\mangoSource\lib\selenium\lib\netty-buffer-4.1.78.Final.jar;C:\Users\Sahil Nepal\Documents\mango\mangoSourceJava8\mangoSource\lib\selenium\lib\netty-codec-4.1.78.Final.jar;C:\Users\Sahil Nepal\Documents\mango\mangoSourceJava8\mangoSource\lib\selenium\lib\netty-codec-http-4.1.78.Final.jar;C:\Users\Sahil Nepal\Documents\mango\mangoSourceJava8\mangoSource\lib\selenium\lib\netty-codec-socks-4.1.78.Final.jar;C:\Users\Sahil Nepal\Documents\mango\mangoSourceJava8\mangoSource\lib\selenium\lib\netty-common-4.1.78.Final.jar;C:\Users\Sahil Nepal\Documents\mango\mangoSourceJava8\mangoSource\lib\selenium\lib\netty-handler-4.1.78.Final.jar;C:\Users\Sahil Nepal\Documents\mango\mangoSourceJava8\mangoSource\lib\selenium\lib\netty-handler-proxy-4.1.78.Final.jar;C:\Users\Sahil Nepal\Documents\mango\mangoSourceJava8\mangoSource\lib\selenium\lib\netty-reactive-streams-2.0.4.jar;C:\Users\Sahil Nepal\Documents\mango\mangoSourceJava8\mangoSource\lib\selenium\lib\netty-resolver-4.1.78.Final.jar;C:\Users\Sahil Nepal\Documents\mango\mangoSourceJava8\mangoSource\lib\selenium\lib\netty-transport-4.1.78.Final.jar;C:\Users\Sahil Nepal\Documents\mango\mangoSourceJava8\mangoSource\lib\selenium\lib\netty-transport-classes-epoll-4.1.78.Final.jar;C:\Users\Sahil Nepal\Documents\mango\mangoSourceJava8\mangoSource\lib\selenium\lib\netty-transport-classes-kqueue-4.1.78.Final.jar;C:\Users\Sahil Nepal\Documents\mango\mangoSourceJava8\mangoSource\lib\selenium\lib\netty-transport-native-epoll-4.1.78.Final.jar;C:\Users\Sahil Nepal\Documents\mango\mangoSourceJava8\mangoSource\lib\selenium\lib\netty-transport-native-kqueue-4.1.78.Final.jar;C:\Users\Sahil Nepal\Documents\mango\mangoSourceJava8\mangoSource\lib\selenium\lib\netty-transport-native-unix-common-4.1.78.Final.jar;C:\Users\Sahil Nepal\Documents\mango\mangoSourceJava8\mangoSource\lib\selenium\lib\opentelemetry-api-1.15.0.jar;C:\Users\Sahil Nepal\Documents\mango\mangoSourceJava8\mangoSource\lib\selenium\lib\opentelemetry-context-1.15.0.jar;C:\Users\Sahil Nepal\Documents\mango\mangoSourceJava8\mangoSource\lib\selenium\lib\opentelemetry-exporter-logging-1.15.0.jar;C:\Users\Sahil Nepal\Documents\mango\mangoSourceJava8\mangoSource\lib\selenium\lib\opentelemetry-sdk-1.15.0.jar;C:\Users\Sahil Nepal\Documents\mango\mangoSourceJava8\mangoSource\lib\selenium\lib\opentelemetry-sdk-common-1.15.0.jar;C:\Users\Sahil Nepal\Documents\mango\mangoSourceJava8\mangoSource\lib\selenium\lib\opentelemetry-sdk-extension-autoconfigure-1.15.0-alpha.jar;C:\Users\Sahil Nepal\Documents\mango\mangoSourceJava8\mangoSource\lib\selenium\lib\opentelemetry-sdk-extension-autoconfigure-spi-1.15.0.jar;C:\Users\Sahil Nepal\Documents\mango\mangoSourceJava8\mangoSource\lib\selenium\lib\opentelemetry-sdk-logs-1.15.0-alpha.jar;C:\Users\Sahil Nepal\Documents\mango\mangoSourceJava8\mangoSource\lib\selenium\lib\opentelemetry-sdk-metrics-1.15.0.jar;C:\Users\Sahil Nepal\Documents\mango\mangoSourceJava8\mangoSource\lib\selenium\lib\opentelemetry-sdk-trace-1.15.0.jar;C:\Users\Sahil Nepal\Documents\mango\mangoSourceJava8\mangoSource\lib\selenium\lib\opentelemetry-semconv-1.15.0-alpha.jar;C:\Users\Sahil Nepal\Documents\mango\mangoSourceJava8\mangoSource\lib\selenium\lib\reactive-streams-1.0.4.jar;C:\Users\Sahil Nepal\Documents\mango\mangoSourceJava8\mangoSource\lib\selenium\lib\slf4j-api-1.7.36.jar;C:\Users\Sahil Nepal\Documents\mango\mangoSourceJava8\mangoSource\lib\selenium\selenium-api-4.3.0-sources.jar;C:\Users\Sahil Nepal\Documents\mango\mangoSourceJava8\mangoSource\lib\selenium\selenium-api-4.3.0.jar;C:\Users\Sahil Nepal\Documents\mango\mangoSourceJava8\mangoSource\lib\selenium\selenium-chrome-driver-4.3.0-sources.jar;C:\Users\Sahil Nepal\Documents\mango\mangoSourceJava8\mangoSource\lib\selenium\selenium-chrome-driver-4.3.0.jar;C:\Users\Sahil Nepal\Documents\mango\mangoSourceJava8\mangoSource\lib\selenium\selenium-chromium-driver-4.3.0-sources.jar;C:\Users\Sahil Nepal\Documents\mango\mangoSourceJava8\mangoSource\lib\selenium\selenium-chromium-driver-4.3.0.jar;C:\Users\Sahil Nepal\Documents\mango\mangoSourceJava8\mangoSource\lib\selenium\selenium-devtools-v101-4.3.0-sources.jar;C:\Users\Sahil Nepal\Documents\mango\mangoSourceJava8\mangoSource\lib\selenium\selenium-devtools-v101-4.3.0.jar;C:\Users\Sahil Nepal\Documents\mango\mangoSourceJava8\mangoSource\lib\selenium\selenium-devtools-v102-4.3.0-sources.jar;C:\Users\Sahil Nepal\Documents\mango\mangoSourceJava8\mangoSource\lib\selenium\selenium-devtools-v102-4.3.0.jar;C:\Users\Sahil Nepal\Documents\mango\mangoSourceJava8\mangoSource\lib\selenium\selenium-devtools-v103-4.3.0-sources.jar;C:\Users\Sahil Nepal\Documents\mango\mangoSourceJava8\mangoSource\lib\selenium\selenium-devtools-v103-4.3.0.jar;C:\Users\Sahil Nepal\Documents\mango\mangoSourceJava8\mangoSource\lib\selenium\selenium-devtools-v85-4.3.0-sources.jar;C:\Users\Sahil Nepal\Documents\mango\mangoSourceJava8\mangoSource\lib\selenium\selenium-devtools-v85-4.3.0.jar;C:\Users\Sahil Nepal\Documents\mango\mangoSourceJava8\mangoSource\lib\selenium\selenium-edge-driver-4.3.0-sources.jar;C:\Users\Sahil Nepal\Documents\mango\mangoSourceJava8\mangoSource\lib\selenium\selenium-edge-driver-4.3.0.jar;C:\Users\Sahil Nepal\Documents\mango\mangoSourceJava8\mangoSource\lib\selenium\selenium-firefox-driver-4.3.0-sources.jar;C:\Users\Sahil Nepal\Documents\mango\mangoSourceJava8\mangoSource\lib\selenium\selenium-firefox-driver-4.3.0.jar;C:\Users\Sahil Nepal\Documents\mango\mangoSourceJava8\mangoSource\lib\selenium\selenium-http-4.3.0-sources.jar;C:\Users\Sahil Nepal\Documents\mango\mangoSourceJava8\mangoSource\lib\selenium\selenium-http-4.3.0.jar;C:\Users\Sahil Nepal\Documents\mango\mangoSourceJava8\mangoSource\lib\selenium\selenium-ie-driver-4.3.0-sources.jar;C:\Users\Sahil Nepal\Documents\mango\mangoSourceJava8\mangoSource\lib\selenium\selenium-ie-driver-4.3.0.jar;C:\Users\Sahil Nepal\Documents\mango\mangoSourceJava8\mangoSource\lib\selenium\selenium-java-4.3.0-sources.jar;C:\Users\Sahil Nepal\Documents\mango\mangoSourceJava8\mangoSource\lib\selenium\selenium-java-4.3.0.jar;C:\Users\Sahil Nepal\Documents\mango\mangoSourceJava8\mangoSource\lib\selenium\selenium-json-4.3.0-sources.jar;C:\Users\Sahil Nepal\Documents\mango\mangoSourceJava8\mangoSource\lib\selenium\selenium-json-4.3.0.jar;C:\Users\Sahil Nepal\Documents\mango\mangoSourceJava8\mangoSource\lib\selenium\selenium-opera-driver-4.3.0-sources.jar;C:\Users\Sahil Nepal\Documents\mango\mangoSourceJava8\mangoSource\lib\selenium\selenium-opera-driver-4.3.0.jar;C:\Users\Sahil Nepal\Documents\mango\mangoSourceJava8\mangoSource\lib\selenium\selenium-remote-driver-4.3.0-sources.jar;C:\Users\Sahil Nepal\Documents\mango\mangoSourceJava8\mangoSource\lib\selenium\selenium-remote-driver-4.3.0.jar;C:\Users\Sahil Nepal\Documents\mango\mangoSourceJava8\mangoSource\lib\selenium\selenium-safari-driver-4.3.0-sources.jar;C:\Users\Sahil Nepal\Documents\mango\mangoSourceJava8\mangoSource\lib\selenium\selenium-safari-driver-4.3.0.jar;C:\Users\Sahil Nepal\Documents\mango\mangoSourceJava8\mangoSource\lib\selenium\selenium-support-4.3.0-sources.jar;C:\Users\Sahil Nepal\Documents\mango\mangoSourceJava8\mangoSource\lib\selenium\selenium-support-4.3.0.jar;C:\Users\Sahil Nepal\Documents\mango\mangoSourceJava8\mangoSource\lib\seroUtils.jar;C:\Users\Sahil Nepal\Documents\mango\mangoSourceJava8\mangoSource\lib\servlet-api.jar;C:\Users\Sahil Nepal\Documents\mango\mangoSourceJava8\mangoSource\lib\slf4j-api-1.5.11.jar;C:\Users\Sahil Nepal\Documents\mango\mangoSourceJava8\mangoSource\lib\slf4j-log4j12-1.5.11.jar;C:\Users\Sahil Nepal\Documents\mango\mangoSourceJava8\mangoSource\lib\spinwave.jar;C:\Users\Sahil Nepal\Documents\mango\mangoSourceJava8\mangoSource\lib\spring-webmvc.jar;C:\Users\Sahil Nepal\Documents\mango\mangoSourceJava8\mangoSource\lib\spring.jar;C:\Users\Sahil Nepal\Documents\mango\mangoSourceJava8\mangoSource\lib\sqljdbc4.jar;C:\Users\Sahil Nepal\Documents\mango\mangoSourceJava8\mangoSource\lib\standard.jar;C:\Users\Sahil Nepal\Documents\mango\mangoSourceJava8\mangoSource\lib\taglibs-log.jar;C:\Users\Sahil Nepal\Documents\mango\mangoSourceJava8\mangoSource\lib\tomcat8jndi-1.0.0.jar;C:\Users\Sahil Nepal\Documents\mango\mangoSourceJava8\mangoSource\lib\viconics.jar;C:\Users\Sahil Nepal\Documents\mango\mangoSourceJava8\mangoSource\lib\wsdl4j-1.5.1.jar;C:\Users\Sahil Nepal\Documents\mango\mangoSourceJava8\mangoSource\lib\xfire-aegis-1.2.6.jar;C:\Users\Sahil Nepal\Documents\mango\mangoSourceJava8\mangoSource\lib\xfire-core-1.2.6.jar;C:\Users\Sahil Nepal\Documents\mango\mangoSourceJava8\mangoSource\build\WEB-INF\classes;C:\Users\Sahil Nepal\Documents\mango\apache-ant-1.10.14-bin\apache-ant-1.10.14\lib\ant-antlr.jar;C:\Users\Sahil Nepal\Documents\mango\apache-ant-1.10.14-bin\apache-ant-1.10.14\lib\ant-apache-bcel.jar;C:\Users\Sahil Nepal\Documents\mango\apache-ant-1.10.14-bin\apache-ant-1.10.14\lib\ant-apache-bsf.jar;C:\Users\Sahil Nepal\Documents\mango\apache-ant-1.10.14-bin\apache-ant-1.10.14\lib\ant-apache-log4j.jar;C:\Users\Sahil Nepal\Documents\mango\apache-ant-1.10.14-bin\apache-ant-1.10.14\lib\ant-apache-oro.jar;C:\Users\Sahil Nepal\Documents\mango\apache-ant-1.10.14-bin\apache-ant-1.10.14\lib\ant-apache-regexp.jar;C:\Users\Sahil Nepal\Documents\mango\apache-ant-1.10.14-bin\apache-ant-1.10.14\lib\ant-apache-resolver.jar;C:\Users\Sahil Nepal\Documents\mango\apache-ant-1.10.14-bin\apache-ant-1.10.14\lib\ant-apache-xalan2.jar;C:\Users\Sahil Nepal\Documents\mango\apache-ant-1.10.14-bin\apache-ant-1.10.14\lib\ant-commons-logging.jar;C:\Users\Sahil Nepal\Documents\mango\apache-ant-1.10.14-bin\apache-ant-1.10.14\lib\ant-commons-net.jar;C:\Users\Sahil Nepal\Documents\mango\apache-ant-1.10.14-bin\apache-ant-1.10.14\lib\ant-imageio.jar;C:\Users\Sahil Nepal\Documents\mango\apache-ant-1.10.14-bin\apache-ant-1.10.14\lib\ant-jai.jar;C:\Users\Sahil Nepal\Documents\mango\apache-ant-1.10.14-bin\apache-ant-1.10.14\lib\ant-jakartamail.jar;C:\Users\Sahil Nepal\Documents\mango\apache-ant-1.10.14-bin\apache-ant-1.10.14\lib\ant-javamail.jar;C:\Users\Sahil Nepal\Documents\mango\apache-ant-1.10.14-bin\apache-ant-1.10.14\lib\ant-jdepend.jar;C:\Users\Sahil Nepal\Documents\mango\apache-ant-1.10.14-bin\apache-ant-1.10.14\lib\ant-jmf.jar;C:\Users\Sahil Nepal\Documents\mango\apache-ant-1.10.14-bin\apache-ant-1.10.14\lib\ant-jsch.jar;C:\Users\Sahil Nepal\Documents\mango\apache-ant-1.10.14-bin\apache-ant-1.10.14\lib\ant-junit.jar;C:\Users\Sahil Nepal\Documents\mango\apache-ant-1.10.14-bin\apache-ant-1.10.14\lib\ant-junit4.jar;C:\Users\Sahil Nepal\Documents\mango\apache-ant-1.10.14-bin\apache-ant-1.10.14\lib\ant-junitlauncher.jar;C:\Users\Sahil Nepal\Documents\mango\apache-ant-1.10.14-bin\apache-ant-1.10.14\lib\ant-launcher.jar;C:\Users\Sahil Nepal\Documents\mango\apache-ant-1.10.14-bin\apache-ant-1.10.14\lib\ant-netrexx.jar;C:\Users\Sahil Nepal\Documents\mango\apache-ant-1.10.14-bin\apache-ant-1.10.14\lib\ant-swing.jar;C:\Users\Sahil Nepal\Documents\mango\apache-ant-1.10.14-bin\apache-ant-1.10.14\lib\ant-testutil.jar;C:\Users\Sahil Nepal\Documents\mango\apache-ant-1.10.14-bin\apache-ant-1.10.14\lib\ant-xz.jar;C:\Users\Sahil Nepal\Documents\mango\apache-ant-1.10.14-bin\apache-ant-1.10.14\lib\ant.jar"/>
<property name="java.class.version" value="52.0"/>
<property name="java.endorsed.dirs" value="C:\Program Files\Java\jdk1.8.0_202\jre\lib\endorsed"/>
<property name="java.ext.dirs" value="C:\Program Files\Java\jdk1.8.0_202\jre\lib\ext;C:\Windows\Sun\Java\lib\ext"/>
<property name="java.home" value="C:\Program Files\Java\jdk1.8.0_202\jre"/>
<property name="java.io.tmpdir" value="C:\Users\SAHILN~1\AppData\Local\Temp\"/>
<property name="java.library.path" value="C:\Program Files\Java\jdk1.8.0_202\jre\bin;C:\Windows\Sun\Java\bin;C:\Windows\system32;C:\Windows;C:\Program Files (x86)\Common Files\Oracle\Java\javapath;C:\Windows\system32;C:\Windows;C:\Windows\System32\Wbem;C:\Windows\System32\WindowsPowerShell\v1.0\;C:\Windows\System32\OpenSSH\;C:\Users\Sahil Nepal\AppData\Local\Microsoft\WindowsApps;C:\Program Files\Java\jdk1.8.0_202\bin;C:\Users\Sahil Nepal\Documents\mango\apache-ant-1.10.14-bin\apache-ant-1.10.14\bin;;."/>
<property name="java.runtime.name" value="Java(TM) SE Runtime Environment"/>
<property name="java.runtime.version" value="1.8.0_202-b08"/>
<property name="java.specification.name" value="Java Platform API Specification"/>
<property name="java.specification.vendor" value="Oracle Corporation"/>
<property name="java.specification.version" value="1.8"/>
<property name="java.vendor" value="Oracle Corporation"/>
<property name="java.vendor.url" value="http://java.oracle.com/"/>
<property name="java.vendor.url.bug" value="http://bugreport.sun.com/bugreport/"/>
<property name="java.version" value="1.8.0_202"/>
<property name="java.vm.info" value="mixed mode"/>
<property name="java.vm.name" value="Java HotSpot(TM) 64-Bit Server VM"/>
<property name="java.vm.specification.name" value="Java Virtual Machine Specification"/>
<property name="java.vm.specification.vendor" value="Oracle Corporation"/>
<property name="java.vm.specification.version" value="1.8"/>
<property name="java.vm.vendor" value="Oracle Corporation"/>
<property name="java.vm.version" value="25.202-b08"/>
<property name="line.separator" value="
"/>
<property name="os.arch" value="amd64"/>
<property name="os.name" value="Windows 10"/>
<property name="os.version" value="10.0"/>
<property name="path.separator" value=";"/>
<property name="sun.arch.data.model" value="64"/>
<property name="sun.boot.class.path" value="C:\Program Files\Java\jdk1.8.0_202\jre\lib\resources.jar;C:\Program Files\Java\jdk1.8.0_202\jre\lib\rt.jar;C:\Program Files\Java\jdk1.8.0_202\jre\lib\sunrsasign.jar;C:\Program Files\Java\jdk1.8.0_202\jre\lib\jsse.jar;C:\Program Files\Java\jdk1.8.0_202\jre\lib\jce.jar;C:\Program Files\Java\jdk1.8.0_202\jre\lib\charsets.jar;C:\Program Files\Java\jdk1.8.0_202\jre\lib\jfr.jar;C:\Program Files\Java\jdk1.8.0_202\jre\classes"/>
<property name="sun.boot.library.path" value="C:\Program Files\Java\jdk1.8.0_202\jre\bin"/>
<property name="sun.cpu.endian" value="little"/>
<property name="sun.cpu.isalist" value="amd64"/>
<property name="sun.desktop" value="windows"/>
<property name="sun.io.unicode.encoding" value="UnicodeLittle"/>
<property name="sun.java.command" value="org.junit.platform.console.ConsoleLauncher --scan-classpath --reports-dir build/test-report"/>
<property name="sun.java.launcher" value="SUN_STANDARD"/>
<property name="sun.jnu.encoding" value="Cp1252"/>
<property name="sun.management.compiler" value="HotSpot 64-Bit Tiered Compilers"/>
<property name="sun.os.patch.level" value=""/>
<property name="user.country" value="US"/>
<property name="user.dir" value="C:\Users\Sahil Nepal\Documents\mango\mangoSourceJava8\mangoSource"/>
<property name="user.home" value="C:\Users\Sahil Nepal"/>
<property name="user.language" value="en"/>
<property name="user.name" value="Sahil Nepal"/>
<property name="user.script" value=""/>
<property name="user.timezone" value="America/Los_Angeles"/>
<property name="user.variant" value=""/>
</properties>
<system-out><![CDATA[
unique-id: [engine:junit-platform-suite]
display-name: JUnit Platform Suite
]]></system-out>
</testsuite>
